2026-04-16 09:57:45,968 - __main__ - INFO - CARLA client initialized successfully
2026-04-16 09:57:45,975 - __main__ - INFO - Synchronous mode enabled
2026-04-16 09:57:45,990 - modules.camera_controller - INFO - Configuration loaded successfully
2026-04-16 09:57:45,991 - modules.camera_controller - INFO - CameraController initialized with config: config\camera_config.yaml
2026-04-16 09:57:46,000 - modules.camera_controller - INFO - Camera CAM_001 spawned at [0, 0, 3]
2026-04-16 09:57:46,001 - modules.camera_controller - INFO - Camera CAM_002 spawned at [50, 0, 3]
2026-04-16 09:57:46,002 - modules.camera_controller - INFO - Camera CAM_003 spawned at [25, -30, 3]
2026-04-16 09:57:46,003 - modules.traffic_generator - INFO - TrafficGenerator initialized: 10 vehicles, 5 pedestrians
2026-04-16 09:57:47,517 - modules.traffic_generator - WARNING - Failed to spawn vehicle at Location(x=153.030273, y=-84.655762, z=8.305627)
2026-04-16 10:07:07,735 - __main__ - INFO - CARLA client initialized successfully
2026-04-16 10:07:17,737 - __main__ - INFO - Synchronous mode enabled
2026-04-16 10:07:17,752 - modules.camera_controller - INFO - Configuration loaded successfully
2026-04-16 10:07:17,752 - modules.camera_controller - INFO - CameraController initialized with config: config\camera_config.yaml
2026-04-16 10:07:17,756 - modules.camera_controller - INFO - Camera CAM_001 spawned at [0, 0, 3]
2026-04-16 10:07:17,759 - modules.camera_controller - INFO - Camera CAM_002 spawned at [50, 0, 3]
2026-04-16 10:07:17,761 - modules.camera_controller - INFO - Camera CAM_003 spawned at [25, -30, 3]
2026-04-16 10:07:17,762 - modules.traffic_generator - INFO - TrafficGenerator initialized: 10 vehicles, 5 pedestrians
2026-04-16 10:09:57,890 - __main__ - INFO - CARLA client initialized successfully
2026-04-16 10:10:07,891 - __main__ - INFO - Synchronous mode enabled
2026-04-16 10:10:07,892 - __main__ - INFO - Initializing: CameraController
2026-04-16 10:10:07,911 - modules.camera_controller - INFO - Configuration loaded successfully
2026-04-16 10:10:07,912 - modules.camera_controller - INFO - CameraController initialized with config: config\camera_config.yaml
2026-04-16 10:10:07,916 - modules.camera_controller - INFO - Camera CAM_001 spawned at [0, 0, 3]
2026-04-16 10:10:07,918 - modules.camera_controller - INFO - Camera CAM_002 spawned at [50, 0, 3]
2026-04-16 10:10:07,920 - modules.camera_controller - INFO - Camera CAM_003 spawned at [25, -30, 3]
2026-04-16 10:10:07,920 - __main__ - INFO - Initializing: TrafficGenerator
2026-04-16 10:10:07,921 - modules.traffic_generator - INFO - TrafficGenerator initialized: 10 vehicles, 5 pedestrians
2026-04-16 10:10:08,153 - modules.traffic_generator - WARNING - Failed to spawn vehicle at Location(x=4.104583, y=-43.915955, z=0.275307)
2026-04-16 10:13:07,988 - __main__ - INFO - CARLA client initialized successfully
2026-04-16 10:13:07,994 - __main__ - INFO - Synchronous mode enabled
2026-04-16 10:13:07,995 - __main__ - INFO - Initializing: CameraController
2026-04-16 10:13:08,010 - modules.camera_controller - INFO - Configuration loaded successfully
2026-04-16 10:13:08,011 - modules.camera_controller - INFO - CameraController initialized with config: config\camera_config.yaml
2026-04-16 10:13:08,014 - modules.camera_controller - INFO - Camera CAM_001 spawned at [0, 0, 3]
2026-04-16 10:13:08,015 - modules.camera_controller - INFO - Camera CAM_002 spawned at [50, 0, 3]
2026-04-16 10:13:08,016 - modules.camera_controller - INFO - Camera CAM_003 spawned at [25, -30, 3]
2026-04-16 10:13:08,017 - __main__ - INFO - Initializing: TrafficGenerator
2026-04-16 10:13:08,017 - modules.traffic_generator - INFO - TrafficGenerator initialized: 10 vehicles, 5 pedestrians
2026-04-16 10:13:09,319 - modules.traffic_generator - INFO - Spawned 10 vehicles and 5 pedestrians
2026-04-16 10:13:09,320 - __main__ - INFO - Initializing: ObjectDetector
2026-04-16 10:13:09,484 - modules.detector - ERROR - Failed to load model: No module named 'utils.datasets'
2026-04-16 10:13:09,484 - __main__ - ERROR - Failed to initialize modules: No module named 'utils.datasets'
Traceback (most recent call last):
  File "main.py", line 85, in initialize_modules
    self.modules['detector'] = ObjectDetector(model_type='yolov5s')
  File "e:\finalproject\PythonAPI\custom_tracking_system\modules\detector.py", line 40, in __init__
    self._load_model()
  File "e:\finalproject\PythonAPI\custom_tracking_system\modules\detector.py", line 56, in _load_model
    pretrained=True, force_reload=False)
  File "C:\Users\hungp\anaconda3\envs\carla-sim\lib\site-packages\torch\hub.py", line 399, in load
    model = _load_local(repo_or_dir, model, *args, **kwargs)
  File "C:\Users\hungp\anaconda3\envs\carla-sim\lib\site-packages\torch\hub.py", line 428, in _load_local
    model = entry(*args, **kwargs)
  File "e:\finalproject\PythonAPI\custom_tracking_system\models\hub\ultralytics_yolov5_v6.1\hubconf.py", line 80, in yolov5s
    return _create('yolov5s', pretrained, channels, classes, autoshape, verbose, device)
  File "e:\finalproject\PythonAPI\custom_tracking_system\models\hub\ultralytics_yolov5_v6.1\hubconf.py", line 31, in _create
    from models.common import AutoShape, DetectMultiBackend
  File "e:\finalproject\PythonAPI\custom_tracking_system\models\hub\ultralytics_yolov5_v6.1\models\common.py", line 24, in <module>
    from utils.datasets import exif_transpose, letterbox
ModuleNotFoundError: No module named 'utils.datasets'
2026-04-16 10:16:31,989 - __main__ - INFO - CARLA client initialized successfully
2026-04-16 10:16:41,990 - __main__ - INFO - Synchronous mode enabled
2026-04-16 10:16:41,991 - __main__ - INFO - Initializing: CameraController
2026-04-16 10:16:42,002 - modules.camera_controller - INFO - Configuration loaded successfully
2026-04-16 10:16:42,002 - modules.camera_controller - INFO - CameraController initialized with config: config\camera_config.yaml
2026-04-16 10:16:42,006 - modules.camera_controller - INFO - Camera CAM_001 spawned at [0, 0, 3]
2026-04-16 10:16:42,007 - modules.camera_controller - INFO - Camera CAM_002 spawned at [50, 0, 3]
2026-04-16 10:16:42,009 - modules.camera_controller - INFO - Camera CAM_003 spawned at [25, -30, 3]
2026-04-16 10:16:42,010 - __main__ - INFO - Initializing: TrafficGenerator
2026-04-16 10:16:42,010 - modules.traffic_generator - INFO - TrafficGenerator initialized: 10 vehicles, 5 pedestrians
2026-04-16 10:17:46,593 - __main__ - INFO - CARLA client initialized successfully
2026-04-16 10:17:46,598 - __main__ - INFO - Synchronous mode enabled
2026-04-16 10:17:46,598 - __main__ - INFO - Initializing: CameraController
2026-04-16 10:17:46,606 - modules.camera_controller - INFO - Configuration loaded successfully
2026-04-16 10:17:46,607 - modules.camera_controller - INFO - CameraController initialized with config: config\camera_config.yaml
2026-04-16 10:17:46,609 - modules.camera_controller - INFO - Camera CAM_001 spawned at [0, 0, 3]
2026-04-16 10:17:46,610 - modules.camera_controller - INFO - Camera CAM_002 spawned at [50, 0, 3]
2026-04-16 10:17:46,611 - modules.camera_controller - INFO - Camera CAM_003 spawned at [25, -30, 3]
2026-04-16 10:17:46,612 - __main__ - INFO - Initializing: TrafficGenerator
2026-04-16 10:17:46,612 - modules.traffic_generator - INFO - TrafficGenerator initialized: 10 vehicles, 5 pedestrians
2026-04-16 10:17:47,520 - modules.traffic_generator - WARNING - Failed to spawn pedestrian at Location(x=-118.079285, y=0.275539, z=0.275307)
2026-04-16 10:17:47,521 - modules.traffic_generator - WARNING - Failed to spawn pedestrian at Location(x=-18.167728, y=9.451503, z=0.275307)
2026-04-16 10:25:40,424 - __main__ - INFO - CARLA client initialized successfully
2026-04-16 10:25:40,430 - __main__ - INFO - Synchronous mode enabled
2026-04-16 10:25:40,430 - __main__ - INFO - Initializing: CameraController
2026-04-16 10:25:40,438 - modules.camera_controller - INFO - Configuration loaded successfully
2026-04-16 10:25:40,438 - modules.camera_controller - INFO - CameraController initialized with config: config\camera_config.yaml
2026-04-16 10:25:40,441 - modules.camera_controller - INFO - Camera CAM_001 spawned at [0, 0, 3]
2026-04-16 10:25:40,442 - modules.camera_controller - INFO - Camera CAM_002 spawned at [50, 0, 3]
2026-04-16 10:25:40,443 - modules.camera_controller - INFO - Camera CAM_003 spawned at [25, -30, 3]
2026-04-16 10:25:40,443 - __main__ - INFO - Initializing: TrafficGenerator
2026-04-16 10:25:40,443 - modules.traffic_generator - INFO - TrafficGenerator initialized: 10 vehicles, 5 pedestrians
2026-04-16 10:25:41,372 - modules.traffic_generator - INFO - Spawned 10 vehicles and 5 pedestrians
2026-04-16 10:25:41,373 - __main__ - INFO - Initializing: ObjectDetector
2026-04-16 10:25:42,716 - yolov5 - INFO - YOLOv5  2026-4-16 torch 1.10.2+cpu CPU

2026-04-16 10:25:42,763 - yolov5 - INFO - Fusing layers... 
2026-04-16 10:25:42,981 - yolov5 - INFO - Model Summary: 213 layers, 7225885 parameters, 0 gradients, 16.4 GFLOPs
2026-04-16 10:25:42,983 - yolov5 - INFO - Adding AutoShape... 
2026-04-16 10:25:42,989 - modules.detector - INFO - Model loaded successfully: yolov5s
2026-04-16 10:25:42,990 - modules.detector - INFO - ObjectDetector initialized with yolov5s on cpu
2026-04-16 10:25:42,990 - __main__ - INFO - Initializing: SimpleTracker (per camera)
2026-04-16 10:25:42,990 - modules.tracker - INFO - SimpleTracker initialized: max_age=30, min_hits=3
2026-04-16 10:25:42,990 - modules.tracker - INFO - SimpleTracker initialized: max_age=30, min_hits=3
2026-04-16 10:25:42,990 - modules.tracker - INFO - SimpleTracker initialized: max_age=30, min_hits=3
2026-04-16 10:25:42,991 - __main__ - INFO - Initializing: ReIDExtractor
2026-04-16 10:25:53,349 - modules.reid - WARNING - Using ResNet50-ImageNet fallback — ReID accuracy will be limited
2026-04-16 10:25:53,349 - modules.reid - INFO - ReIDExtractor ready: model=resnet50_imagenet_fallback, device=cpu, feature_dim=2048
2026-04-16 10:25:53,350 - __main__ - INFO - Initializing: GlobalTracker
2026-04-16 10:25:53,352 - modules.global_tracking - INFO - GlobalTracker initialized with threshold=0.5
2026-04-16 10:25:53,352 - __main__ - INFO - Initializing: TrajectoryPredictor
2026-04-16 10:25:53,352 - modules.trajectory_predictor - INFO - TrajectoryPredictor initialized: window=10, steps=5
2026-04-16 10:25:53,353 - __main__ - INFO - Initializing: AlertSystem
2026-04-16 10:25:53,353 - modules.alert_system - INFO - AlertSystem initialized
2026-04-16 10:25:53,353 - modules.alert_system - INFO - Set 3 ROIs for 3 cameras
2026-04-16 10:25:53,354 - __main__ - INFO - Initializing: Visualizer
2026-04-16 10:25:53,354 - utils.visualization - INFO - Visualizer initialized
2026-04-16 10:25:53,354 - __main__ - INFO - Initializing: MetricsCollector
2026-04-16 10:25:53,355 - utils.metrics - INFO - MetricsCollector initialized
2026-04-16 10:25:53,355 - __main__ - INFO - All modules initialized successfully
2026-04-16 10:25:53,355 - __main__ - INFO - Starting tracking system...
2026-04-20 14:12:40,549 - __main__ - INFO - CARLA client initialized successfully
2026-04-20 14:12:40,584 - __main__ - INFO - Synchronous mode enabled
2026-04-20 14:12:40,585 - __main__ - INFO - Initializing: CameraController
2026-04-20 14:12:40,601 - modules.camera_controller - INFO - Configuration loaded successfully
2026-04-20 14:12:40,602 - modules.camera_controller - INFO - CameraController initialized with config: config\camera_config.yaml
2026-04-20 14:12:40,609 - modules.camera_controller - INFO - Camera CAM_001 spawned at [0, 0, 3]
2026-04-20 14:12:40,610 - modules.camera_controller - INFO - Camera CAM_002 spawned at [50, 0, 3]
2026-04-20 14:12:40,611 - modules.camera_controller - INFO - Camera CAM_003 spawned at [25, -30, 3]
2026-04-20 14:12:40,612 - __main__ - INFO - Initializing: TrafficGenerator
2026-04-20 14:12:40,612 - modules.traffic_generator - INFO - TrafficGenerator initialized: 10 vehicles, 5 pedestrians
2026-04-20 14:12:42,171 - modules.traffic_generator - INFO - Spawned 10 vehicles and 5 pedestrians
2026-04-20 14:12:42,172 - __main__ - INFO - Initializing: ObjectDetector
2026-04-20 14:13:34,313 - yolov5 - INFO - YOLOv5  1d91afc torch 1.10.2+cpu CPU

2026-04-20 14:13:34,406 - yolov5 - INFO - Fusing layers... 
2026-04-20 14:13:34,729 - yolov5 - INFO - Model Summary: 213 layers, 7225885 parameters, 0 gradients, 16.4 GFLOPs
2026-04-20 14:13:34,735 - yolov5 - INFO - Adding AutoShape... 
2026-04-20 14:13:34,744 - modules.detector - INFO - Model loaded successfully: yolov5s
2026-04-20 14:13:34,744 - modules.detector - INFO - ObjectDetector initialized with yolov5s on cpu
2026-04-20 14:13:34,745 - __main__ - INFO - Initializing: SimpleTracker (per camera)
2026-04-20 14:13:34,745 - modules.tracker - INFO - SimpleTracker initialized: max_age=30, min_hits=3
2026-04-20 14:13:34,746 - modules.tracker - INFO - SimpleTracker initialized: max_age=30, min_hits=3
2026-04-20 14:13:34,746 - modules.tracker - INFO - SimpleTracker initialized: max_age=30, min_hits=3
2026-04-20 14:13:34,746 - __main__ - INFO - Initializing: ReIDExtractor
2026-04-20 14:13:35,665 - modules.reid - WARNING - Using ResNet50-ImageNet fallback — ReID accuracy will be limited
2026-04-20 14:13:35,666 - modules.reid - INFO - ReIDExtractor ready: model=resnet50_imagenet_fallback, device=cpu, feature_dim=2048
2026-04-20 14:13:35,667 - __main__ - INFO - Initializing: GlobalTracker
2026-04-20 14:13:35,667 - modules.global_tracking - INFO - GlobalTracker initialized with threshold=0.5
2026-04-20 14:13:35,668 - __main__ - INFO - Initializing: TrajectoryPredictor
2026-04-20 14:13:35,668 - modules.trajectory_predictor - INFO - TrajectoryPredictor initialized: window=10, steps=5
2026-04-20 14:13:35,668 - __main__ - INFO - Initializing: AlertSystem
2026-04-20 14:13:35,669 - modules.alert_system - INFO - AlertSystem initialized
2026-04-20 14:13:35,669 - modules.alert_system - INFO - Set 3 ROIs for 3 cameras
2026-04-20 14:13:35,670 - __main__ - INFO - Initializing: Visualizer
2026-04-20 14:13:35,670 - utils.visualization - INFO - Visualizer initialized
2026-04-20 14:13:35,672 - __main__ - INFO - Initializing: MetricsCollector
2026-04-20 14:13:35,673 - utils.metrics - INFO - MetricsCollector initialized
2026-04-20 14:13:35,673 - __main__ - INFO - All modules initialized successfully
2026-04-20 14:13:35,673 - __main__ - INFO - Starting tracking system...
2026-04-20 14:14:55,654 - __main__ - INFO - Interrupted by user
2026-04-20 14:14:55,658 - __main__ - INFO - Cleaning up...
2026-04-20 14:14:55,684 - modules.camera_controller - INFO - Camera destroyed
2026-04-20 14:14:55,686 - modules.camera_controller - INFO - Camera destroyed
2026-04-20 14:14:55,687 - modules.camera_controller - INFO - Camera destroyed
2026-04-20 14:14:55,907 - modules.traffic_generator - INFO - Cleaning up traffic actors...
2026-04-20 14:14:55,920 - modules.traffic_generator - INFO - Traffic cleanup completed
2026-04-20 14:14:55,921 - __main__ - INFO - Cleanup completed
2026-05-06 10:42:04,333 - __main__ - INFO - CARLA client initialized successfully
2026-05-06 10:42:04,369 - __main__ - INFO - Synchronous mode enabled
2026-05-06 10:42:04,370 - __main__ - INFO - Initializing: CameraController
2026-05-06 10:42:04,394 - modules.camera_controller - INFO - Configuration loaded successfully
2026-05-06 10:42:04,395 - modules.camera_controller - INFO - CameraController initialized with config: config\camera_config.yaml
2026-05-06 10:42:04,401 - modules.camera_controller - INFO - Camera CAM_001 spawned at [0, 0, 3]
2026-05-06 10:42:04,402 - modules.camera_controller - INFO - Camera CAM_002 spawned at [50, 0, 3]
2026-05-06 10:42:04,404 - modules.camera_controller - INFO - Camera CAM_003 spawned at [25, -30, 3]
2026-05-06 10:42:04,405 - __main__ - INFO - Initializing: TrafficGenerator
2026-05-06 10:42:04,405 - modules.traffic_generator - INFO - TrafficGenerator initialized: 10 vehicles, 5 pedestrians
2026-05-06 10:42:06,649 - modules.traffic_generator - WARNING - Failed to spawn pedestrian at Location(x=-9.424404, y=111.396446, z=0.275307)
2026-05-06 10:42:06,689 - modules.traffic_generator - INFO - Spawned 10 vehicles and 4 pedestrians
2026-05-06 10:42:06,691 - __main__ - INFO - Initializing: ObjectDetector
2026-05-06 10:42:56,972 - yolov5 - INFO - YOLOv5  45d320d torch 1.13.1+cu117 CUDA:0 (NVIDIA GeForce GTX 1050 Ti, 4096MiB)

2026-05-06 10:43:02,580 - yolov5 - INFO - Fusing layers... 
2026-05-06 10:43:07,430 - yolov5 - INFO - Model Summary: 213 layers, 7225885 parameters, 0 gradients
2026-05-06 10:43:07,432 - yolov5 - INFO - Adding AutoShape... 
2026-05-06 10:43:07,439 - modules.detector - INFO - Model loaded successfully: yolov5s
2026-05-06 10:43:07,439 - modules.detector - INFO - ObjectDetector initialized with yolov5s on cuda
2026-05-06 10:43:07,439 - __main__ - INFO - Initializing: SimpleTracker (per camera)
2026-05-06 10:43:07,439 - modules.tracker - INFO - SimpleTracker initialized: max_age=30, min_hits=3
2026-05-06 10:43:07,440 - modules.tracker - INFO - SimpleTracker initialized: max_age=30, min_hits=3
2026-05-06 10:43:07,440 - modules.tracker - INFO - SimpleTracker initialized: max_age=30, min_hits=3
2026-05-06 10:43:07,440 - __main__ - INFO - Initializing: ReIDExtractor
2026-05-06 10:43:08,288 - modules.reid - WARNING - Using ResNet50-ImageNet fallback — ReID accuracy will be limited
2026-05-06 10:43:08,288 - modules.reid - INFO - ReIDExtractor ready: model=resnet50_imagenet_fallback, device=cuda, feature_dim=2048
2026-05-06 10:43:08,290 - __main__ - INFO - Initializing: GlobalTracker
2026-05-06 10:43:08,290 - modules.global_tracking - INFO - GlobalTracker initialized with threshold=0.5
2026-05-06 10:43:08,291 - __main__ - INFO - Initializing: TrajectoryPredictor
2026-05-06 10:43:08,291 - modules.trajectory_predictor - INFO - TrajectoryPredictor initialized: window=10, steps=5
2026-05-06 10:43:08,291 - __main__ - INFO - Initializing: AlertSystem
2026-05-06 10:43:08,292 - modules.alert_system - INFO - AlertSystem initialized
2026-05-06 10:43:08,292 - modules.alert_system - INFO - Set 3 ROIs for 3 cameras
2026-05-06 10:43:08,292 - __main__ - INFO - Initializing: Visualizer
2026-05-06 10:43:08,292 - utils.visualization - INFO - Visualizer initialized
2026-05-06 10:43:08,293 - __main__ - INFO - Initializing: MetricsCollector
2026-05-06 10:43:08,293 - utils.metrics - INFO - MetricsCollector initialized
2026-05-06 10:43:08,293 - __main__ - INFO - All modules initialized successfully
2026-05-06 10:43:08,295 - __main__ - INFO - Starting tracking system...
2026-05-06 10:43:08,344 - modules.detector - ERROR - Detection error: 'Upsample' object has no attribute 'recompute_scale_factor'
2026-05-06 10:43:08,431 - modules.detector - ERROR - Detection error: 'Upsample' object has no attribute 'recompute_scale_factor'
2026-05-06 10:43:08,499 - modules.detector - ERROR - Detection error: 'Upsample' object has no attribute 'recompute_scale_factor'
2026-05-06 10:43:08,596 - modules.detector - ERROR - Detection error: 'Upsample' object has no attribute 'recompute_scale_factor'
2026-05-06 10:43:08,629 - modules.detector - ERROR - Detection error: 'Upsample' object has no attribute 'recompute_scale_factor'
2026-05-06 10:43:08,662 - modules.detector - ERROR - Detection error: 'Upsample' object has no attribute 'recompute_scale_factor'
2026-05-06 10:43:08,721 - modules.detector - ERROR - Detection error: 'Upsample' object has no attribute 'recompute_scale_factor'
2026-05-06 10:43:08,759 - modules.detector - ERROR - Detection error: 'Upsample' object has no attribute 'recompute_scale_factor'
2026-05-06 10:43:08,795 - modules.detector - ERROR - Detection error: 'Upsample' object has no attribute 'recompute_scale_factor'
2026-05-06 10:43:08,850 - modules.detector - ERROR - Detection error: 'Upsample' object has no attribute 'recompute_scale_factor'
2026-05-06 10:43:08,882 - modules.detector - ERROR - Detection error: 'Upsample' object has no attribute 'recompute_scale_factor'
2026-05-06 10:43:08,906 - modules.detector - ERROR - Detection error: 'Upsample' object has no attribute 'recompute_scale_factor'
2026-05-06 10:43:08,940 - modules.detector - ERROR - Detection error: 'Upsample' object has no attribute 'recompute_scale_factor'
2026-05-06 10:43:08,962 - modules.detector - ERROR - Detection error: 'Upsample' object has no attribute 'recompute_scale_factor'
2026-05-06 10:43:08,983 - modules.detector - ERROR - Detection error: 'Upsample' object has no attribute 'recompute_scale_factor'
2026-05-06 10:43:09,011 - modules.detector - ERROR - Detection error: 'Upsample' object has no attribute 'recompute_scale_factor'
2026-05-06 10:43:09,037 - modules.detector - ERROR - Detection error: 'Upsample' object has no attribute 'recompute_scale_factor'
2026-05-06 10:43:09,054 - modules.detector - ERROR - Detection error: 'Upsample' object has no attribute 'recompute_scale_factor'
2026-05-06 10:43:09,083 - modules.detector - ERROR - Detection error: 'Upsample' object has no attribute 'recompute_scale_factor'
2026-05-06 10:43:09,115 - modules.detector - ERROR - Detection error: 'Upsample' object has no attribute 'recompute_scale_factor'
2026-05-06 10:43:09,136 - modules.detector - ERROR - Detection error: 'Upsample' object has no attribute 'recompute_scale_factor'
2026-05-06 10:43:09,172 - modules.detector - ERROR - Detection error: 'Upsample' object has no attribute 'recompute_scale_factor'
2026-05-06 10:43:09,194 - modules.detector - ERROR - Detection error: 'Upsample' object has no attribute 'recompute_scale_factor'
2026-05-06 10:43:09,213 - modules.detector - ERROR - Detection error: 'Upsample' object has no attribute 'recompute_scale_factor'
2026-05-06 10:43:09,243 - modules.detector - ERROR - Detection error: 'Upsample' object has no attribute 'recompute_scale_factor'
2026-05-06 10:43:09,264 - modules.detector - ERROR - Detection error: 'Upsample' object has no attribute 'recompute_scale_factor'
2026-05-06 10:43:09,283 - modules.detector - ERROR - Detection error: 'Upsample' object has no attribute 'recompute_scale_factor'
2026-05-06 10:43:09,321 - modules.detector - ERROR - Detection error: 'Upsample' object has no attribute 'recompute_scale_factor'
2026-05-06 10:43:09,341 - modules.detector - ERROR - Detection error: 'Upsample' object has no attribute 'recompute_scale_factor'
2026-05-06 10:43:09,362 - modules.detector - ERROR - Detection error: 'Upsample' object has no attribute 'recompute_scale_factor'
2026-05-06 10:43:09,392 - modules.detector - ERROR - Detection error: 'Upsample' object has no attribute 'recompute_scale_factor'
2026-05-06 10:43:09,416 - modules.detector - ERROR - Detection error: 'Upsample' object has no attribute 'recompute_scale_factor'
2026-05-06 10:43:09,435 - modules.detector - ERROR - Detection error: 'Upsample' object has no attribute 'recompute_scale_factor'
2026-05-06 10:43:09,461 - modules.detector - ERROR - Detection error: 'Upsample' object has no attribute 'recompute_scale_factor'
2026-05-06 10:43:09,484 - modules.detector - ERROR - Detection error: 'Upsample' object has no attribute 'recompute_scale_factor'
2026-05-06 10:43:09,505 - modules.detector - ERROR - Detection error: 'Upsample' object has no attribute 'recompute_scale_factor'
2026-05-06 10:43:09,539 - modules.detector - ERROR - Detection error: 'Upsample' object has no attribute 'recompute_scale_factor'
2026-05-06 10:43:09,564 - modules.detector - ERROR - Detection error: 'Upsample' object has no attribute 'recompute_scale_factor'
2026-05-06 10:43:09,587 - modules.detector - ERROR - Detection error: 'Upsample' object has no attribute 'recompute_scale_factor'
2026-05-06 10:43:09,621 - modules.detector - ERROR - Detection error: 'Upsample' object has no attribute 'recompute_scale_factor'
2026-05-06 10:43:09,641 - modules.detector - ERROR - Detection error: 'Upsample' object has no attribute 'recompute_scale_factor'
2026-05-06 10:43:09,660 - modules.detector - ERROR - Detection error: 'Upsample' object has no attribute 'recompute_scale_factor'
2026-05-06 10:43:09,693 - modules.detector - ERROR - Detection error: 'Upsample' object has no attribute 'recompute_scale_factor'
2026-05-06 10:43:09,711 - modules.detector - ERROR - Detection error: 'Upsample' object has no attribute 'recompute_scale_factor'
2026-05-06 10:43:09,734 - modules.detector - ERROR - Detection error: 'Upsample' object has no attribute 'recompute_scale_factor'
2026-05-06 10:43:09,765 - modules.detector - ERROR - Detection error: 'Upsample' object has no attribute 'recompute_scale_factor'
2026-05-06 10:43:09,783 - modules.detector - ERROR - Detection error: 'Upsample' object has no attribute 'recompute_scale_factor'
2026-05-06 10:43:09,801 - modules.detector - ERROR - Detection error: 'Upsample' object has no attribute 'recompute_scale_factor'
2026-05-06 10:43:09,831 - modules.detector - ERROR - Detection error: 'Upsample' object has no attribute 'recompute_scale_factor'
2026-05-06 10:43:09,854 - modules.detector - ERROR - Detection error: 'Upsample' object has no attribute 'recompute_scale_factor'
2026-05-06 10:43:09,872 - modules.detector - ERROR - Detection error: 'Upsample' object has no attribute 'recompute_scale_factor'
2026-05-06 10:43:09,905 - modules.detector - ERROR - Detection error: 'Upsample' object has no attribute 'recompute_scale_factor'
2026-05-06 10:43:09,924 - modules.detector - ERROR - Detection error: 'Upsample' object has no attribute 'recompute_scale_factor'
2026-05-06 10:43:09,943 - modules.detector - ERROR - Detection error: 'Upsample' object has no attribute 'recompute_scale_factor'
2026-05-06 10:43:09,974 - modules.detector - ERROR - Detection error: 'Upsample' object has no attribute 'recompute_scale_factor'
2026-05-06 10:43:09,997 - modules.detector - ERROR - Detection error: 'Upsample' object has no attribute 'recompute_scale_factor'
2026-05-06 10:43:10,015 - modules.detector - ERROR - Detection error: 'Upsample' object has no attribute 'recompute_scale_factor'
2026-05-06 10:43:10,043 - modules.detector - ERROR - Detection error: 'Upsample' object has no attribute 'recompute_scale_factor'
2026-05-06 10:43:10,067 - modules.detector - ERROR - Detection error: 'Upsample' object has no attribute 'recompute_scale_factor'
2026-05-06 10:43:10,088 - modules.detector - ERROR - Detection error: 'Upsample' object has no attribute 'recompute_scale_factor'
2026-05-06 10:43:10,123 - modules.detector - ERROR - Detection error: 'Upsample' object has no attribute 'recompute_scale_factor'
2026-05-06 10:43:10,141 - modules.detector - ERROR - Detection error: 'Upsample' object has no attribute 'recompute_scale_factor'
2026-05-06 10:43:10,161 - modules.detector - ERROR - Detection error: 'Upsample' object has no attribute 'recompute_scale_factor'
2026-05-06 10:43:10,193 - modules.detector - ERROR - Detection error: 'Upsample' object has no attribute 'recompute_scale_factor'
2026-05-06 10:43:10,214 - modules.detector - ERROR - Detection error: 'Upsample' object has no attribute 'recompute_scale_factor'
2026-05-06 10:43:10,232 - modules.detector - ERROR - Detection error: 'Upsample' object has no attribute 'recompute_scale_factor'
2026-05-06 10:43:10,261 - modules.detector - ERROR - Detection error: 'Upsample' object has no attribute 'recompute_scale_factor'
2026-05-06 10:43:10,281 - modules.detector - ERROR - Detection error: 'Upsample' object has no attribute 'recompute_scale_factor'
2026-05-06 10:43:10,299 - modules.detector - ERROR - Detection error: 'Upsample' object has no attribute 'recompute_scale_factor'
2026-05-06 10:43:10,328 - modules.detector - ERROR - Detection error: 'Upsample' object has no attribute 'recompute_scale_factor'
2026-05-06 10:43:10,349 - modules.detector - ERROR - Detection error: 'Upsample' object has no attribute 'recompute_scale_factor'
2026-05-06 10:43:10,368 - modules.detector - ERROR - Detection error: 'Upsample' object has no attribute 'recompute_scale_factor'
2026-05-06 10:43:10,395 - modules.detector - ERROR - Detection error: 'Upsample' object has no attribute 'recompute_scale_factor'
2026-05-06 10:43:10,420 - modules.detector - ERROR - Detection error: 'Upsample' object has no attribute 'recompute_scale_factor'
2026-05-06 10:43:10,437 - modules.detector - ERROR - Detection error: 'Upsample' object has no attribute 'recompute_scale_factor'
2026-05-06 10:43:10,469 - modules.detector - ERROR - Detection error: 'Upsample' object has no attribute 'recompute_scale_factor'
2026-05-06 10:43:10,490 - modules.detector - ERROR - Detection error: 'Upsample' object has no attribute 'recompute_scale_factor'
2026-05-06 10:43:10,509 - modules.detector - ERROR - Detection error: 'Upsample' object has no attribute 'recompute_scale_factor'
2026-05-06 10:43:10,541 - modules.detector - ERROR - Detection error: 'Upsample' object has no attribute 'recompute_scale_factor'
2026-05-06 10:43:10,559 - modules.detector - ERROR - Detection error: 'Upsample' object has no attribute 'recompute_scale_factor'
2026-05-06 10:43:10,576 - modules.detector - ERROR - Detection error: 'Upsample' object has no attribute 'recompute_scale_factor'
2026-05-06 10:43:10,610 - modules.detector - ERROR - Detection error: 'Upsample' object has no attribute 'recompute_scale_factor'
2026-05-06 10:43:10,629 - modules.detector - ERROR - Detection error: 'Upsample' object has no attribute 'recompute_scale_factor'
2026-05-06 10:43:10,645 - modules.detector - ERROR - Detection error: 'Upsample' object has no attribute 'recompute_scale_factor'
2026-05-06 10:43:10,674 - modules.detector - ERROR - Detection error: 'Upsample' object has no attribute 'recompute_scale_factor'
2026-05-06 10:43:10,696 - modules.detector - ERROR - Detection error: 'Upsample' object has no attribute 'recompute_scale_factor'
2026-05-06 10:43:10,716 - modules.detector - ERROR - Detection error: 'Upsample' object has no attribute 'recompute_scale_factor'
2026-05-06 10:43:10,744 - modules.detector - ERROR - Detection error: 'Upsample' object has no attribute 'recompute_scale_factor'
2026-05-06 10:43:10,768 - modules.detector - ERROR - Detection error: 'Upsample' object has no attribute 'recompute_scale_factor'
2026-05-06 10:43:10,785 - modules.detector - ERROR - Detection error: 'Upsample' object has no attribute 'recompute_scale_factor'
2026-05-06 10:43:10,818 - modules.detector - ERROR - Detection error: 'Upsample' object has no attribute 'recompute_scale_factor'
2026-05-06 10:43:10,842 - modules.detector - ERROR - Detection error: 'Upsample' object has no attribute 'recompute_scale_factor'
2026-05-06 10:43:10,860 - modules.detector - ERROR - Detection error: 'Upsample' object has no attribute 'recompute_scale_factor'
2026-05-06 10:43:10,889 - modules.detector - ERROR - Detection error: 'Upsample' object has no attribute 'recompute_scale_factor'
2026-05-06 10:43:10,912 - modules.detector - ERROR - Detection error: 'Upsample' object has no attribute 'recompute_scale_factor'
2026-05-06 10:43:10,930 - modules.detector - ERROR - Detection error: 'Upsample' object has no attribute 'recompute_scale_factor'
2026-05-06 10:43:10,964 - modules.detector - ERROR - Detection error: 'Upsample' object has no attribute 'recompute_scale_factor'
2026-05-06 10:43:10,981 - modules.detector - ERROR - Detection error: 'Upsample' object has no attribute 'recompute_scale_factor'
2026-05-06 10:43:11,001 - modules.detector - ERROR - Detection error: 'Upsample' object has no attribute 'recompute_scale_factor'
2026-05-06 10:43:11,029 - modules.detector - ERROR - Detection error: 'Upsample' object has no attribute 'recompute_scale_factor'
2026-05-06 10:43:11,052 - modules.detector - ERROR - Detection error: 'Upsample' object has no attribute 'recompute_scale_factor'
2026-05-06 10:43:11,071 - modules.detector - ERROR - Detection error: 'Upsample' object has no attribute 'recompute_scale_factor'
2026-05-06 10:43:11,099 - modules.detector - ERROR - Detection error: 'Upsample' object has no attribute 'recompute_scale_factor'
2026-05-06 10:43:11,119 - modules.detector - ERROR - Detection error: 'Upsample' object has no attribute 'recompute_scale_factor'
2026-05-06 10:43:11,138 - modules.detector - ERROR - Detection error: 'Upsample' object has no attribute 'recompute_scale_factor'
2026-05-06 10:43:11,166 - modules.detector - ERROR - Detection error: 'Upsample' object has no attribute 'recompute_scale_factor'
2026-05-06 10:43:11,189 - modules.detector - ERROR - Detection error: 'Upsample' object has no attribute 'recompute_scale_factor'
2026-05-06 10:43:11,207 - modules.detector - ERROR - Detection error: 'Upsample' object has no attribute 'recompute_scale_factor'
2026-05-06 10:43:11,240 - modules.detector - ERROR - Detection error: 'Upsample' object has no attribute 'recompute_scale_factor'
2026-05-06 10:43:11,261 - modules.detector - ERROR - Detection error: 'Upsample' object has no attribute 'recompute_scale_factor'
2026-05-06 10:43:11,280 - modules.detector - ERROR - Detection error: 'Upsample' object has no attribute 'recompute_scale_factor'
2026-05-06 10:43:11,308 - modules.detector - ERROR - Detection error: 'Upsample' object has no attribute 'recompute_scale_factor'
2026-05-06 10:43:11,329 - modules.detector - ERROR - Detection error: 'Upsample' object has no attribute 'recompute_scale_factor'
2026-05-06 10:43:11,351 - modules.detector - ERROR - Detection error: 'Upsample' object has no attribute 'recompute_scale_factor'
2026-05-06 10:43:11,386 - modules.detector - ERROR - Detection error: 'Upsample' object has no attribute 'recompute_scale_factor'
2026-05-06 10:43:11,408 - modules.detector - ERROR - Detection error: 'Upsample' object has no attribute 'recompute_scale_factor'
2026-05-06 10:43:11,427 - modules.detector - ERROR - Detection error: 'Upsample' object has no attribute 'recompute_scale_factor'
2026-05-06 10:43:11,456 - modules.detector - ERROR - Detection error: 'Upsample' object has no attribute 'recompute_scale_factor'
2026-05-06 10:43:11,479 - modules.detector - ERROR - Detection error: 'Upsample' object has no attribute 'recompute_scale_factor'
2026-05-06 10:43:11,497 - modules.detector - ERROR - Detection error: 'Upsample' object has no attribute 'recompute_scale_factor'
2026-05-06 10:43:11,532 - modules.detector - ERROR - Detection error: 'Upsample' object has no attribute 'recompute_scale_factor'
2026-05-06 10:43:11,558 - modules.detector - ERROR - Detection error: 'Upsample' object has no attribute 'recompute_scale_factor'
2026-05-06 10:43:11,581 - modules.detector - ERROR - Detection error: 'Upsample' object has no attribute 'recompute_scale_factor'
2026-05-06 10:43:11,619 - modules.detector - ERROR - Detection error: 'Upsample' object has no attribute 'recompute_scale_factor'
2026-05-06 10:43:11,639 - modules.detector - ERROR - Detection error: 'Upsample' object has no attribute 'recompute_scale_factor'
2026-05-06 10:43:11,656 - modules.detector - ERROR - Detection error: 'Upsample' object has no attribute 'recompute_scale_factor'
2026-05-06 10:43:11,687 - modules.detector - ERROR - Detection error: 'Upsample' object has no attribute 'recompute_scale_factor'
2026-05-06 10:43:11,705 - modules.detector - ERROR - Detection error: 'Upsample' object has no attribute 'recompute_scale_factor'
2026-05-06 10:43:11,723 - modules.detector - ERROR - Detection error: 'Upsample' object has no attribute 'recompute_scale_factor'
2026-05-06 10:43:11,750 - modules.detector - ERROR - Detection error: 'Upsample' object has no attribute 'recompute_scale_factor'
2026-05-06 10:43:11,773 - modules.detector - ERROR - Detection error: 'Upsample' object has no attribute 'recompute_scale_factor'
2026-05-06 10:43:11,791 - modules.detector - ERROR - Detection error: 'Upsample' object has no attribute 'recompute_scale_factor'
2026-05-06 10:43:11,823 - modules.detector - ERROR - Detection error: 'Upsample' object has no attribute 'recompute_scale_factor'
2026-05-06 10:43:11,843 - modules.detector - ERROR - Detection error: 'Upsample' object has no attribute 'recompute_scale_factor'
2026-05-06 10:43:11,861 - modules.detector - ERROR - Detection error: 'Upsample' object has no attribute 'recompute_scale_factor'
2026-05-06 10:43:11,892 - modules.detector - ERROR - Detection error: 'Upsample' object has no attribute 'recompute_scale_factor'
2026-05-06 10:43:11,911 - modules.detector - ERROR - Detection error: 'Upsample' object has no attribute 'recompute_scale_factor'
2026-05-06 10:43:11,930 - modules.detector - ERROR - Detection error: 'Upsample' object has no attribute 'recompute_scale_factor'
2026-05-06 10:43:11,959 - modules.detector - ERROR - Detection error: 'Upsample' object has no attribute 'recompute_scale_factor'
2026-05-06 10:43:11,983 - modules.detector - ERROR - Detection error: 'Upsample' object has no attribute 'recompute_scale_factor'
2026-05-06 10:43:12,001 - modules.detector - ERROR - Detection error: 'Upsample' object has no attribute 'recompute_scale_factor'
2026-05-06 10:43:12,031 - modules.detector - ERROR - Detection error: 'Upsample' object has no attribute 'recompute_scale_factor'
2026-05-06 10:43:12,052 - modules.detector - ERROR - Detection error: 'Upsample' object has no attribute 'recompute_scale_factor'
2026-05-06 10:43:12,074 - modules.detector - ERROR - Detection error: 'Upsample' object has no attribute 'recompute_scale_factor'
2026-05-06 10:43:12,104 - modules.detector - ERROR - Detection error: 'Upsample' object has no attribute 'recompute_scale_factor'
2026-05-06 10:43:12,124 - modules.detector - ERROR - Detection error: 'Upsample' object has no attribute 'recompute_scale_factor'
2026-05-06 10:43:12,145 - modules.detector - ERROR - Detection error: 'Upsample' object has no attribute 'recompute_scale_factor'
2026-05-06 10:43:12,175 - modules.detector - ERROR - Detection error: 'Upsample' object has no attribute 'recompute_scale_factor'
2026-05-06 10:43:12,194 - modules.detector - ERROR - Detection error: 'Upsample' object has no attribute 'recompute_scale_factor'
2026-05-06 10:43:12,214 - modules.detector - ERROR - Detection error: 'Upsample' object has no attribute 'recompute_scale_factor'
2026-05-06 10:43:12,246 - modules.detector - ERROR - Detection error: 'Upsample' object has no attribute 'recompute_scale_factor'
2026-05-06 10:43:12,265 - modules.detector - ERROR - Detection error: 'Upsample' object has no attribute 'recompute_scale_factor'
2026-05-06 10:43:12,284 - modules.detector - ERROR - Detection error: 'Upsample' object has no attribute 'recompute_scale_factor'
2026-05-06 10:43:12,315 - modules.detector - ERROR - Detection error: 'Upsample' object has no attribute 'recompute_scale_factor'
2026-05-06 10:43:12,335 - modules.detector - ERROR - Detection error: 'Upsample' object has no attribute 'recompute_scale_factor'
2026-05-06 10:43:12,356 - modules.detector - ERROR - Detection error: 'Upsample' object has no attribute 'recompute_scale_factor'
2026-05-06 10:43:12,389 - modules.detector - ERROR - Detection error: 'Upsample' object has no attribute 'recompute_scale_factor'
2026-05-06 10:43:12,409 - modules.detector - ERROR - Detection error: 'Upsample' object has no attribute 'recompute_scale_factor'
2026-05-06 10:43:12,429 - modules.detector - ERROR - Detection error: 'Upsample' object has no attribute 'recompute_scale_factor'
2026-05-06 10:43:12,457 - modules.detector - ERROR - Detection error: 'Upsample' object has no attribute 'recompute_scale_factor'
2026-05-06 10:43:12,482 - modules.detector - ERROR - Detection error: 'Upsample' object has no attribute 'recompute_scale_factor'
2026-05-06 10:43:12,500 - modules.detector - ERROR - Detection error: 'Upsample' object has no attribute 'recompute_scale_factor'
2026-05-06 10:43:12,528 - modules.detector - ERROR - Detection error: 'Upsample' object has no attribute 'recompute_scale_factor'
2026-05-06 10:43:12,551 - modules.detector - ERROR - Detection error: 'Upsample' object has no attribute 'recompute_scale_factor'
2026-05-06 10:43:12,571 - modules.detector - ERROR - Detection error: 'Upsample' object has no attribute 'recompute_scale_factor'
2026-05-06 10:43:12,598 - modules.detector - ERROR - Detection error: 'Upsample' object has no attribute 'recompute_scale_factor'
2026-05-06 10:43:12,620 - modules.detector - ERROR - Detection error: 'Upsample' object has no attribute 'recompute_scale_factor'
2026-05-06 10:43:12,638 - modules.detector - ERROR - Detection error: 'Upsample' object has no attribute 'recompute_scale_factor'
2026-05-06 10:43:12,669 - modules.detector - ERROR - Detection error: 'Upsample' object has no attribute 'recompute_scale_factor'
2026-05-06 10:43:12,688 - modules.detector - ERROR - Detection error: 'Upsample' object has no attribute 'recompute_scale_factor'
2026-05-06 10:43:12,707 - modules.detector - ERROR - Detection error: 'Upsample' object has no attribute 'recompute_scale_factor'
2026-05-06 10:43:12,733 - modules.detector - ERROR - Detection error: 'Upsample' object has no attribute 'recompute_scale_factor'
2026-05-06 10:43:12,757 - modules.detector - ERROR - Detection error: 'Upsample' object has no attribute 'recompute_scale_factor'
2026-05-06 10:43:12,778 - modules.detector - ERROR - Detection error: 'Upsample' object has no attribute 'recompute_scale_factor'
2026-05-06 10:43:12,807 - modules.detector - ERROR - Detection error: 'Upsample' object has no attribute 'recompute_scale_factor'
2026-05-06 10:43:12,830 - modules.detector - ERROR - Detection error: 'Upsample' object has no attribute 'recompute_scale_factor'
2026-05-06 10:43:12,849 - modules.detector - ERROR - Detection error: 'Upsample' object has no attribute 'recompute_scale_factor'
2026-05-06 10:43:12,876 - modules.detector - ERROR - Detection error: 'Upsample' object has no attribute 'recompute_scale_factor'
2026-05-06 10:43:12,899 - modules.detector - ERROR - Detection error: 'Upsample' object has no attribute 'recompute_scale_factor'
2026-05-06 10:43:12,917 - modules.detector - ERROR - Detection error: 'Upsample' object has no attribute 'recompute_scale_factor'
2026-05-06 10:43:12,945 - modules.detector - ERROR - Detection error: 'Upsample' object has no attribute 'recompute_scale_factor'
2026-05-06 10:43:12,967 - modules.detector - ERROR - Detection error: 'Upsample' object has no attribute 'recompute_scale_factor'
2026-05-06 10:43:12,986 - modules.detector - ERROR - Detection error: 'Upsample' object has no attribute 'recompute_scale_factor'
2026-05-06 10:43:13,017 - modules.detector - ERROR - Detection error: 'Upsample' object has no attribute 'recompute_scale_factor'
2026-05-06 10:43:13,036 - modules.detector - ERROR - Detection error: 'Upsample' object has no attribute 'recompute_scale_factor'
2026-05-06 10:43:13,057 - modules.detector - ERROR - Detection error: 'Upsample' object has no attribute 'recompute_scale_factor'
2026-05-06 10:43:13,089 - modules.detector - ERROR - Detection error: 'Upsample' object has no attribute 'recompute_scale_factor'
2026-05-06 10:43:13,109 - modules.detector - ERROR - Detection error: 'Upsample' object has no attribute 'recompute_scale_factor'
2026-05-06 10:43:13,127 - modules.detector - ERROR - Detection error: 'Upsample' object has no attribute 'recompute_scale_factor'
2026-05-06 10:43:13,160 - modules.detector - ERROR - Detection error: 'Upsample' object has no attribute 'recompute_scale_factor'
2026-05-06 10:43:13,181 - modules.detector - ERROR - Detection error: 'Upsample' object has no attribute 'recompute_scale_factor'
2026-05-06 10:43:13,198 - modules.detector - ERROR - Detection error: 'Upsample' object has no attribute 'recompute_scale_factor'
2026-05-06 10:43:13,227 - modules.detector - ERROR - Detection error: 'Upsample' object has no attribute 'recompute_scale_factor'
2026-05-06 10:43:13,249 - modules.detector - ERROR - Detection error: 'Upsample' object has no attribute 'recompute_scale_factor'
2026-05-06 10:43:13,270 - modules.detector - ERROR - Detection error: 'Upsample' object has no attribute 'recompute_scale_factor'
2026-05-06 10:43:13,304 - modules.detector - ERROR - Detection error: 'Upsample' object has no attribute 'recompute_scale_factor'
2026-05-06 10:43:13,326 - modules.detector - ERROR - Detection error: 'Upsample' object has no attribute 'recompute_scale_factor'
2026-05-06 10:43:13,344 - modules.detector - ERROR - Detection error: 'Upsample' object has no attribute 'recompute_scale_factor'
2026-05-06 10:43:13,376 - modules.detector - ERROR - Detection error: 'Upsample' object has no attribute 'recompute_scale_factor'
2026-05-06 10:43:13,400 - modules.detector - ERROR - Detection error: 'Upsample' object has no attribute 'recompute_scale_factor'
2026-05-06 10:43:13,421 - modules.detector - ERROR - Detection error: 'Upsample' object has no attribute 'recompute_scale_factor'
2026-05-06 10:43:13,451 - modules.detector - ERROR - Detection error: 'Upsample' object has no attribute 'recompute_scale_factor'
2026-05-06 10:43:13,473 - modules.detector - ERROR - Detection error: 'Upsample' object has no attribute 'recompute_scale_factor'
2026-05-06 10:43:13,493 - modules.detector - ERROR - Detection error: 'Upsample' object has no attribute 'recompute_scale_factor'
2026-05-06 10:43:13,523 - modules.detector - ERROR - Detection error: 'Upsample' object has no attribute 'recompute_scale_factor'
2026-05-06 10:43:13,545 - modules.detector - ERROR - Detection error: 'Upsample' object has no attribute 'recompute_scale_factor'
2026-05-06 10:43:13,563 - modules.detector - ERROR - Detection error: 'Upsample' object has no attribute 'recompute_scale_factor'
2026-05-06 10:43:13,590 - modules.detector - ERROR - Detection error: 'Upsample' object has no attribute 'recompute_scale_factor'
2026-05-06 10:43:13,615 - modules.detector - ERROR - Detection error: 'Upsample' object has no attribute 'recompute_scale_factor'
2026-05-06 10:43:13,633 - modules.detector - ERROR - Detection error: 'Upsample' object has no attribute 'recompute_scale_factor'
2026-05-06 10:43:13,659 - modules.detector - ERROR - Detection error: 'Upsample' object has no attribute 'recompute_scale_factor'
2026-05-06 10:43:13,681 - modules.detector - ERROR - Detection error: 'Upsample' object has no attribute 'recompute_scale_factor'
2026-05-06 10:43:13,701 - modules.detector - ERROR - Detection error: 'Upsample' object has no attribute 'recompute_scale_factor'
2026-05-06 10:43:13,732 - modules.detector - ERROR - Detection error: 'Upsample' object has no attribute 'recompute_scale_factor'
2026-05-06 10:43:13,754 - modules.detector - ERROR - Detection error: 'Upsample' object has no attribute 'recompute_scale_factor'
2026-05-06 10:43:13,772 - modules.detector - ERROR - Detection error: 'Upsample' object has no attribute 'recompute_scale_factor'
2026-05-06 10:43:13,820 - modules.detector - ERROR - Detection error: 'Upsample' object has no attribute 'recompute_scale_factor'
2026-05-06 10:43:13,843 - modules.detector - ERROR - Detection error: 'Upsample' object has no attribute 'recompute_scale_factor'
2026-05-06 10:43:13,868 - modules.detector - ERROR - Detection error: 'Upsample' object has no attribute 'recompute_scale_factor'
2026-05-06 10:43:13,900 - modules.detector - ERROR - Detection error: 'Upsample' object has no attribute 'recompute_scale_factor'
2026-05-06 10:43:13,923 - modules.detector - ERROR - Detection error: 'Upsample' object has no attribute 'recompute_scale_factor'
2026-05-06 10:43:13,944 - modules.detector - ERROR - Detection error: 'Upsample' object has no attribute 'recompute_scale_factor'
2026-05-06 10:43:13,972 - modules.detector - ERROR - Detection error: 'Upsample' object has no attribute 'recompute_scale_factor'
2026-05-06 10:43:13,995 - modules.detector - ERROR - Detection error: 'Upsample' object has no attribute 'recompute_scale_factor'
2026-05-06 10:43:14,013 - modules.detector - ERROR - Detection error: 'Upsample' object has no attribute 'recompute_scale_factor'
2026-05-06 10:43:14,041 - modules.detector - ERROR - Detection error: 'Upsample' object has no attribute 'recompute_scale_factor'
2026-05-06 10:43:14,066 - modules.detector - ERROR - Detection error: 'Upsample' object has no attribute 'recompute_scale_factor'
2026-05-06 10:43:14,083 - modules.detector - ERROR - Detection error: 'Upsample' object has no attribute 'recompute_scale_factor'
2026-05-06 10:43:14,111 - modules.detector - ERROR - Detection error: 'Upsample' object has no attribute 'recompute_scale_factor'
2026-05-06 10:43:14,137 - modules.detector - ERROR - Detection error: 'Upsample' object has no attribute 'recompute_scale_factor'
2026-05-06 10:43:14,154 - modules.detector - ERROR - Detection error: 'Upsample' object has no attribute 'recompute_scale_factor'
2026-05-06 10:43:14,182 - modules.detector - ERROR - Detection error: 'Upsample' object has no attribute 'recompute_scale_factor'
2026-05-06 10:43:14,209 - modules.detector - ERROR - Detection error: 'Upsample' object has no attribute 'recompute_scale_factor'
2026-05-06 10:43:14,227 - modules.detector - ERROR - Detection error: 'Upsample' object has no attribute 'recompute_scale_factor'
2026-05-06 10:43:14,254 - modules.detector - ERROR - Detection error: 'Upsample' object has no attribute 'recompute_scale_factor'
2026-05-06 10:43:14,277 - modules.detector - ERROR - Detection error: 'Upsample' object has no attribute 'recompute_scale_factor'
2026-05-06 10:43:14,296 - modules.detector - ERROR - Detection error: 'Upsample' object has no attribute 'recompute_scale_factor'
2026-05-06 10:43:14,321 - modules.detector - ERROR - Detection error: 'Upsample' object has no attribute 'recompute_scale_factor'
2026-05-06 10:43:14,343 - modules.detector - ERROR - Detection error: 'Upsample' object has no attribute 'recompute_scale_factor'
2026-05-06 10:43:14,360 - modules.detector - ERROR - Detection error: 'Upsample' object has no attribute 'recompute_scale_factor'
2026-05-06 10:43:14,388 - modules.detector - ERROR - Detection error: 'Upsample' object has no attribute 'recompute_scale_factor'
2026-05-06 10:43:14,411 - modules.detector - ERROR - Detection error: 'Upsample' object has no attribute 'recompute_scale_factor'
2026-05-06 10:43:14,428 - modules.detector - ERROR - Detection error: 'Upsample' object has no attribute 'recompute_scale_factor'
2026-05-06 10:43:14,456 - modules.detector - ERROR - Detection error: 'Upsample' object has no attribute 'recompute_scale_factor'
2026-05-06 10:43:14,479 - modules.detector - ERROR - Detection error: 'Upsample' object has no attribute 'recompute_scale_factor'
2026-05-06 10:43:14,497 - modules.detector - ERROR - Detection error: 'Upsample' object has no attribute 'recompute_scale_factor'
2026-05-06 10:43:14,523 - modules.detector - ERROR - Detection error: 'Upsample' object has no attribute 'recompute_scale_factor'
2026-05-06 10:43:14,547 - modules.detector - ERROR - Detection error: 'Upsample' object has no attribute 'recompute_scale_factor'
2026-05-06 10:43:14,564 - modules.detector - ERROR - Detection error: 'Upsample' object has no attribute 'recompute_scale_factor'
2026-05-06 10:43:14,590 - modules.detector - ERROR - Detection error: 'Upsample' object has no attribute 'recompute_scale_factor'
2026-05-06 10:43:14,612 - modules.detector - ERROR - Detection error: 'Upsample' object has no attribute 'recompute_scale_factor'
2026-05-06 10:43:14,632 - modules.detector - ERROR - Detection error: 'Upsample' object has no attribute 'recompute_scale_factor'
2026-05-06 10:43:14,663 - modules.detector - ERROR - Detection error: 'Upsample' object has no attribute 'recompute_scale_factor'
2026-05-06 10:43:14,683 - modules.detector - ERROR - Detection error: 'Upsample' object has no attribute 'recompute_scale_factor'
2026-05-06 10:43:14,700 - modules.detector - ERROR - Detection error: 'Upsample' object has no attribute 'recompute_scale_factor'
2026-05-06 10:43:14,726 - modules.detector - ERROR - Detection error: 'Upsample' object has no attribute 'recompute_scale_factor'
2026-05-06 10:43:14,748 - modules.detector - ERROR - Detection error: 'Upsample' object has no attribute 'recompute_scale_factor'
2026-05-06 10:43:14,765 - modules.detector - ERROR - Detection error: 'Upsample' object has no attribute 'recompute_scale_factor'
2026-05-06 10:43:14,788 - modules.detector - ERROR - Detection error: 'Upsample' object has no attribute 'recompute_scale_factor'
2026-05-06 10:43:14,813 - modules.detector - ERROR - Detection error: 'Upsample' object has no attribute 'recompute_scale_factor'
2026-05-06 10:43:14,830 - modules.detector - ERROR - Detection error: 'Upsample' object has no attribute 'recompute_scale_factor'
2026-05-06 10:43:14,856 - modules.detector - ERROR - Detection error: 'Upsample' object has no attribute 'recompute_scale_factor'
2026-05-06 10:43:14,878 - modules.detector - ERROR - Detection error: 'Upsample' object has no attribute 'recompute_scale_factor'
2026-05-06 10:43:14,900 - modules.detector - ERROR - Detection error: 'Upsample' object has no attribute 'recompute_scale_factor'
2026-05-06 10:43:14,927 - modules.detector - ERROR - Detection error: 'Upsample' object has no attribute 'recompute_scale_factor'
2026-05-06 10:43:14,948 - modules.detector - ERROR - Detection error: 'Upsample' object has no attribute 'recompute_scale_factor'
2026-05-06 10:43:14,968 - modules.detector - ERROR - Detection error: 'Upsample' object has no attribute 'recompute_scale_factor'
2026-05-06 10:43:14,997 - modules.detector - ERROR - Detection error: 'Upsample' object has no attribute 'recompute_scale_factor'
2026-05-06 10:43:15,017 - modules.detector - ERROR - Detection error: 'Upsample' object has no attribute 'recompute_scale_factor'
2026-05-06 10:43:15,035 - modules.detector - ERROR - Detection error: 'Upsample' object has no attribute 'recompute_scale_factor'
2026-05-06 10:43:15,063 - modules.detector - ERROR - Detection error: 'Upsample' object has no attribute 'recompute_scale_factor'
2026-05-06 10:43:15,087 - modules.detector - ERROR - Detection error: 'Upsample' object has no attribute 'recompute_scale_factor'
2026-05-06 10:43:15,148 - modules.detector - ERROR - Detection error: 'Upsample' object has no attribute 'recompute_scale_factor'
2026-05-06 10:43:15,251 - modules.detector - ERROR - Detection error: 'Upsample' object has no attribute 'recompute_scale_factor'
2026-05-06 10:43:15,321 - modules.detector - ERROR - Detection error: 'Upsample' object has no attribute 'recompute_scale_factor'
2026-05-06 10:43:15,403 - modules.detector - ERROR - Detection error: 'Upsample' object has no attribute 'recompute_scale_factor'
2026-05-06 10:43:15,511 - modules.detector - ERROR - Detection error: 'Upsample' object has no attribute 'recompute_scale_factor'
2026-05-06 10:43:15,586 - modules.detector - ERROR - Detection error: 'Upsample' object has no attribute 'recompute_scale_factor'
2026-05-06 10:43:15,663 - modules.detector - ERROR - Detection error: 'Upsample' object has no attribute 'recompute_scale_factor'
2026-05-06 10:43:15,761 - modules.detector - ERROR - Detection error: 'Upsample' object has no attribute 'recompute_scale_factor'
2026-05-06 10:43:15,823 - modules.detector - ERROR - Detection error: 'Upsample' object has no attribute 'recompute_scale_factor'
2026-05-06 10:43:15,906 - modules.detector - ERROR - Detection error: 'Upsample' object has no attribute 'recompute_scale_factor'
2026-05-06 10:43:16,713 - modules.detector - ERROR - Detection error: 'Upsample' object has no attribute 'recompute_scale_factor'
2026-05-06 10:43:16,776 - modules.detector - ERROR - Detection error: 'Upsample' object has no attribute 'recompute_scale_factor'
2026-05-06 10:43:16,840 - modules.detector - ERROR - Detection error: 'Upsample' object has no attribute 'recompute_scale_factor'
2026-05-06 10:43:16,940 - modules.detector - ERROR - Detection error: 'Upsample' object has no attribute 'recompute_scale_factor'
2026-05-06 10:43:17,003 - modules.detector - ERROR - Detection error: 'Upsample' object has no attribute 'recompute_scale_factor'
2026-05-06 10:43:17,067 - modules.detector - ERROR - Detection error: 'Upsample' object has no attribute 'recompute_scale_factor'
2026-05-06 10:43:17,166 - modules.detector - ERROR - Detection error: 'Upsample' object has no attribute 'recompute_scale_factor'
2026-05-06 10:43:17,242 - modules.detector - ERROR - Detection error: 'Upsample' object has no attribute 'recompute_scale_factor'
2026-05-06 10:43:17,319 - modules.detector - ERROR - Detection error: 'Upsample' object has no attribute 'recompute_scale_factor'
2026-05-06 10:43:17,428 - modules.detector - ERROR - Detection error: 'Upsample' object has no attribute 'recompute_scale_factor'
2026-05-06 10:43:17,511 - modules.detector - ERROR - Detection error: 'Upsample' object has no attribute 'recompute_scale_factor'
2026-05-06 10:43:17,601 - modules.detector - ERROR - Detection error: 'Upsample' object has no attribute 'recompute_scale_factor'
2026-05-06 10:43:17,728 - modules.detector - ERROR - Detection error: 'Upsample' object has no attribute 'recompute_scale_factor'
2026-05-06 10:43:17,806 - modules.detector - ERROR - Detection error: 'Upsample' object has no attribute 'recompute_scale_factor'
2026-05-06 10:43:17,877 - modules.detector - ERROR - Detection error: 'Upsample' object has no attribute 'recompute_scale_factor'
2026-05-06 10:43:17,981 - modules.detector - ERROR - Detection error: 'Upsample' object has no attribute 'recompute_scale_factor'
2026-05-06 10:43:18,047 - modules.detector - ERROR - Detection error: 'Upsample' object has no attribute 'recompute_scale_factor'
2026-05-06 10:43:18,075 - modules.detector - ERROR - Detection error: 'Upsample' object has no attribute 'recompute_scale_factor'
2026-05-06 10:43:18,083 - __main__ - INFO - Processed 100 frames
2026-05-06 10:43:18,105 - modules.detector - ERROR - Detection error: 'Upsample' object has no attribute 'recompute_scale_factor'
2026-05-06 10:43:18,126 - modules.detector - ERROR - Detection error: 'Upsample' object has no attribute 'recompute_scale_factor'
2026-05-06 10:43:18,144 - modules.detector - ERROR - Detection error: 'Upsample' object has no attribute 'recompute_scale_factor'
2026-05-06 10:43:18,341 - modules.detector - ERROR - Detection error: 'Upsample' object has no attribute 'recompute_scale_factor'
2026-05-06 10:43:18,359 - modules.detector - ERROR - Detection error: 'Upsample' object has no attribute 'recompute_scale_factor'
2026-05-06 10:43:18,378 - modules.detector - ERROR - Detection error: 'Upsample' object has no attribute 'recompute_scale_factor'
2026-05-06 10:43:18,404 - modules.detector - ERROR - Detection error: 'Upsample' object has no attribute 'recompute_scale_factor'
2026-05-06 10:43:18,431 - modules.detector - ERROR - Detection error: 'Upsample' object has no attribute 'recompute_scale_factor'
2026-05-06 10:43:18,448 - modules.detector - ERROR - Detection error: 'Upsample' object has no attribute 'recompute_scale_factor'
2026-05-06 10:43:18,473 - modules.detector - ERROR - Detection error: 'Upsample' object has no attribute 'recompute_scale_factor'
2026-05-06 10:43:18,498 - modules.detector - ERROR - Detection error: 'Upsample' object has no attribute 'recompute_scale_factor'
2026-05-06 10:43:18,518 - modules.detector - ERROR - Detection error: 'Upsample' object has no attribute 'recompute_scale_factor'
2026-05-06 10:43:18,546 - modules.detector - ERROR - Detection error: 'Upsample' object has no attribute 'recompute_scale_factor'
2026-05-06 10:43:18,567 - modules.detector - ERROR - Detection error: 'Upsample' object has no attribute 'recompute_scale_factor'
2026-05-06 10:43:18,587 - modules.detector - ERROR - Detection error: 'Upsample' object has no attribute 'recompute_scale_factor'
2026-05-06 10:43:18,616 - modules.detector - ERROR - Detection error: 'Upsample' object has no attribute 'recompute_scale_factor'
2026-05-06 10:43:18,644 - modules.detector - ERROR - Detection error: 'Upsample' object has no attribute 'recompute_scale_factor'
2026-05-06 10:43:18,666 - modules.detector - ERROR - Detection error: 'Upsample' object has no attribute 'recompute_scale_factor'
2026-05-06 10:43:18,695 - modules.detector - ERROR - Detection error: 'Upsample' object has no attribute 'recompute_scale_factor'
2026-05-06 10:43:18,719 - modules.detector - ERROR - Detection error: 'Upsample' object has no attribute 'recompute_scale_factor'
2026-05-06 10:43:18,738 - modules.detector - ERROR - Detection error: 'Upsample' object has no attribute 'recompute_scale_factor'
2026-05-06 10:43:18,765 - modules.detector - ERROR - Detection error: 'Upsample' object has no attribute 'recompute_scale_factor'
2026-05-06 10:43:18,785 - modules.detector - ERROR - Detection error: 'Upsample' object has no attribute 'recompute_scale_factor'
2026-05-06 10:43:18,802 - modules.detector - ERROR - Detection error: 'Upsample' object has no attribute 'recompute_scale_factor'
2026-05-06 10:43:18,829 - modules.detector - ERROR - Detection error: 'Upsample' object has no attribute 'recompute_scale_factor'
2026-05-06 10:43:18,850 - modules.detector - ERROR - Detection error: 'Upsample' object has no attribute 'recompute_scale_factor'
2026-05-06 10:43:18,867 - modules.detector - ERROR - Detection error: 'Upsample' object has no attribute 'recompute_scale_factor'
2026-05-06 10:43:18,894 - modules.detector - ERROR - Detection error: 'Upsample' object has no attribute 'recompute_scale_factor'
2026-05-06 10:43:18,918 - modules.detector - ERROR - Detection error: 'Upsample' object has no attribute 'recompute_scale_factor'
2026-05-06 10:43:18,935 - modules.detector - ERROR - Detection error: 'Upsample' object has no attribute 'recompute_scale_factor'
2026-05-06 10:43:18,959 - modules.detector - ERROR - Detection error: 'Upsample' object has no attribute 'recompute_scale_factor'
2026-05-06 10:43:18,980 - modules.detector - ERROR - Detection error: 'Upsample' object has no attribute 'recompute_scale_factor'
2026-05-06 10:43:19,001 - modules.detector - ERROR - Detection error: 'Upsample' object has no attribute 'recompute_scale_factor'
2026-05-06 10:43:19,026 - modules.detector - ERROR - Detection error: 'Upsample' object has no attribute 'recompute_scale_factor'
2026-05-06 10:43:19,048 - modules.detector - ERROR - Detection error: 'Upsample' object has no attribute 'recompute_scale_factor'
2026-05-06 10:43:19,070 - modules.detector - ERROR - Detection error: 'Upsample' object has no attribute 'recompute_scale_factor'
2026-05-06 10:43:19,098 - modules.detector - ERROR - Detection error: 'Upsample' object has no attribute 'recompute_scale_factor'
2026-05-06 10:43:19,124 - modules.detector - ERROR - Detection error: 'Upsample' object has no attribute 'recompute_scale_factor'
2026-05-06 10:43:19,141 - modules.detector - ERROR - Detection error: 'Upsample' object has no attribute 'recompute_scale_factor'
2026-05-06 10:43:19,166 - modules.detector - ERROR - Detection error: 'Upsample' object has no attribute 'recompute_scale_factor'
2026-05-06 10:43:19,188 - modules.detector - ERROR - Detection error: 'Upsample' object has no attribute 'recompute_scale_factor'
2026-05-06 10:43:19,208 - modules.detector - ERROR - Detection error: 'Upsample' object has no attribute 'recompute_scale_factor'
2026-05-06 10:43:19,235 - modules.detector - ERROR - Detection error: 'Upsample' object has no attribute 'recompute_scale_factor'
2026-05-06 10:43:19,260 - modules.detector - ERROR - Detection error: 'Upsample' object has no attribute 'recompute_scale_factor'
2026-05-06 10:43:19,277 - modules.detector - ERROR - Detection error: 'Upsample' object has no attribute 'recompute_scale_factor'
2026-05-06 10:43:19,305 - modules.detector - ERROR - Detection error: 'Upsample' object has no attribute 'recompute_scale_factor'
2026-05-06 10:43:19,326 - modules.detector - ERROR - Detection error: 'Upsample' object has no attribute 'recompute_scale_factor'
2026-05-06 10:43:19,344 - modules.detector - ERROR - Detection error: 'Upsample' object has no attribute 'recompute_scale_factor'
2026-05-06 10:43:20,400 - modules.detector - ERROR - Detection error: 'Upsample' object has no attribute 'recompute_scale_factor'
2026-05-06 10:43:20,418 - modules.detector - ERROR - Detection error: 'Upsample' object has no attribute 'recompute_scale_factor'
2026-05-06 10:43:20,435 - modules.detector - ERROR - Detection error: 'Upsample' object has no attribute 'recompute_scale_factor'
2026-05-06 10:43:20,470 - modules.detector - ERROR - Detection error: 'Upsample' object has no attribute 'recompute_scale_factor'
2026-05-06 10:43:20,488 - modules.detector - ERROR - Detection error: 'Upsample' object has no attribute 'recompute_scale_factor'
2026-05-06 10:43:20,505 - modules.detector - ERROR - Detection error: 'Upsample' object has no attribute 'recompute_scale_factor'
2026-05-06 10:43:20,530 - modules.detector - ERROR - Detection error: 'Upsample' object has no attribute 'recompute_scale_factor'
2026-05-06 10:43:20,553 - modules.detector - ERROR - Detection error: 'Upsample' object has no attribute 'recompute_scale_factor'
2026-05-06 10:43:20,570 - modules.detector - ERROR - Detection error: 'Upsample' object has no attribute 'recompute_scale_factor'
2026-05-06 10:43:20,597 - modules.detector - ERROR - Detection error: 'Upsample' object has no attribute 'recompute_scale_factor'
2026-05-06 10:43:20,618 - modules.detector - ERROR - Detection error: 'Upsample' object has no attribute 'recompute_scale_factor'
2026-05-06 10:43:20,638 - modules.detector - ERROR - Detection error: 'Upsample' object has no attribute 'recompute_scale_factor'
2026-05-06 10:43:20,665 - modules.detector - ERROR - Detection error: 'Upsample' object has no attribute 'recompute_scale_factor'
2026-05-06 10:43:20,686 - modules.detector - ERROR - Detection error: 'Upsample' object has no attribute 'recompute_scale_factor'
2026-05-06 10:43:20,701 - modules.detector - ERROR - Detection error: 'Upsample' object has no attribute 'recompute_scale_factor'
2026-05-06 10:43:20,728 - modules.detector - ERROR - Detection error: 'Upsample' object has no attribute 'recompute_scale_factor'
2026-05-06 10:43:20,751 - modules.detector - ERROR - Detection error: 'Upsample' object has no attribute 'recompute_scale_factor'
2026-05-06 10:43:20,769 - modules.detector - ERROR - Detection error: 'Upsample' object has no attribute 'recompute_scale_factor'
2026-05-06 10:43:20,799 - modules.detector - ERROR - Detection error: 'Upsample' object has no attribute 'recompute_scale_factor'
2026-05-06 10:43:20,819 - modules.detector - ERROR - Detection error: 'Upsample' object has no attribute 'recompute_scale_factor'
2026-05-06 10:43:20,837 - modules.detector - ERROR - Detection error: 'Upsample' object has no attribute 'recompute_scale_factor'
2026-05-06 10:43:20,863 - modules.detector - ERROR - Detection error: 'Upsample' object has no attribute 'recompute_scale_factor'
2026-05-06 10:43:20,883 - modules.detector - ERROR - Detection error: 'Upsample' object has no attribute 'recompute_scale_factor'
2026-05-06 10:43:20,901 - modules.detector - ERROR - Detection error: 'Upsample' object has no attribute 'recompute_scale_factor'
2026-05-06 10:43:20,933 - modules.detector - ERROR - Detection error: 'Upsample' object has no attribute 'recompute_scale_factor'
2026-05-06 10:43:20,953 - modules.detector - ERROR - Detection error: 'Upsample' object has no attribute 'recompute_scale_factor'
2026-05-06 10:43:20,972 - modules.detector - ERROR - Detection error: 'Upsample' object has no attribute 'recompute_scale_factor'
2026-05-06 10:43:21,001 - modules.detector - ERROR - Detection error: 'Upsample' object has no attribute 'recompute_scale_factor'
2026-05-06 10:43:21,028 - modules.detector - ERROR - Detection error: 'Upsample' object has no attribute 'recompute_scale_factor'
2026-05-06 10:43:21,048 - modules.detector - ERROR - Detection error: 'Upsample' object has no attribute 'recompute_scale_factor'
2026-05-06 10:43:21,074 - modules.detector - ERROR - Detection error: 'Upsample' object has no attribute 'recompute_scale_factor'
2026-05-06 10:43:21,098 - modules.detector - ERROR - Detection error: 'Upsample' object has no attribute 'recompute_scale_factor'
2026-05-06 10:43:21,116 - modules.detector - ERROR - Detection error: 'Upsample' object has no attribute 'recompute_scale_factor'
2026-05-06 10:43:21,144 - modules.detector - ERROR - Detection error: 'Upsample' object has no attribute 'recompute_scale_factor'
2026-05-06 10:43:21,166 - modules.detector - ERROR - Detection error: 'Upsample' object has no attribute 'recompute_scale_factor'
2026-05-06 10:43:21,184 - modules.detector - ERROR - Detection error: 'Upsample' object has no attribute 'recompute_scale_factor'
2026-05-06 10:43:21,210 - modules.detector - ERROR - Detection error: 'Upsample' object has no attribute 'recompute_scale_factor'
2026-05-06 10:43:21,233 - modules.detector - ERROR - Detection error: 'Upsample' object has no attribute 'recompute_scale_factor'
2026-05-06 10:43:21,249 - modules.detector - ERROR - Detection error: 'Upsample' object has no attribute 'recompute_scale_factor'
2026-05-06 10:43:21,276 - modules.detector - ERROR - Detection error: 'Upsample' object has no attribute 'recompute_scale_factor'
2026-05-06 10:43:21,303 - modules.detector - ERROR - Detection error: 'Upsample' object has no attribute 'recompute_scale_factor'
2026-05-06 10:43:21,323 - modules.detector - ERROR - Detection error: 'Upsample' object has no attribute 'recompute_scale_factor'
2026-05-06 10:43:21,349 - modules.detector - ERROR - Detection error: 'Upsample' object has no attribute 'recompute_scale_factor'
2026-05-06 10:43:21,380 - modules.detector - ERROR - Detection error: 'Upsample' object has no attribute 'recompute_scale_factor'
2026-05-06 10:43:21,403 - modules.detector - ERROR - Detection error: 'Upsample' object has no attribute 'recompute_scale_factor'
2026-05-06 10:43:21,437 - modules.detector - ERROR - Detection error: 'Upsample' object has no attribute 'recompute_scale_factor'
2026-05-06 10:43:21,462 - modules.detector - ERROR - Detection error: 'Upsample' object has no attribute 'recompute_scale_factor'
2026-05-06 10:43:21,481 - modules.detector - ERROR - Detection error: 'Upsample' object has no attribute 'recompute_scale_factor'
2026-05-06 10:43:21,508 - modules.detector - ERROR - Detection error: 'Upsample' object has no attribute 'recompute_scale_factor'
2026-05-06 10:43:21,529 - modules.detector - ERROR - Detection error: 'Upsample' object has no attribute 'recompute_scale_factor'
2026-05-06 10:43:21,547 - modules.detector - ERROR - Detection error: 'Upsample' object has no attribute 'recompute_scale_factor'
2026-05-06 10:43:21,580 - modules.detector - ERROR - Detection error: 'Upsample' object has no attribute 'recompute_scale_factor'
2026-05-06 10:43:21,600 - modules.detector - ERROR - Detection error: 'Upsample' object has no attribute 'recompute_scale_factor'
2026-05-06 10:43:21,619 - modules.detector - ERROR - Detection error: 'Upsample' object has no attribute 'recompute_scale_factor'
2026-05-06 10:43:21,647 - modules.detector - ERROR - Detection error: 'Upsample' object has no attribute 'recompute_scale_factor'
2026-05-06 10:43:21,669 - modules.detector - ERROR - Detection error: 'Upsample' object has no attribute 'recompute_scale_factor'
2026-05-06 10:43:21,691 - modules.detector - ERROR - Detection error: 'Upsample' object has no attribute 'recompute_scale_factor'
2026-05-06 10:43:21,720 - modules.detector - ERROR - Detection error: 'Upsample' object has no attribute 'recompute_scale_factor'
2026-05-06 10:43:21,746 - modules.detector - ERROR - Detection error: 'Upsample' object has no attribute 'recompute_scale_factor'
2026-05-06 10:43:21,767 - modules.detector - ERROR - Detection error: 'Upsample' object has no attribute 'recompute_scale_factor'
2026-05-06 10:43:21,797 - modules.detector - ERROR - Detection error: 'Upsample' object has no attribute 'recompute_scale_factor'
2026-05-06 10:43:21,816 - modules.detector - ERROR - Detection error: 'Upsample' object has no attribute 'recompute_scale_factor'
2026-05-06 10:43:21,834 - modules.detector - ERROR - Detection error: 'Upsample' object has no attribute 'recompute_scale_factor'
2026-05-06 10:43:21,865 - modules.detector - ERROR - Detection error: 'Upsample' object has no attribute 'recompute_scale_factor'
2026-05-06 10:43:21,889 - modules.detector - ERROR - Detection error: 'Upsample' object has no attribute 'recompute_scale_factor'
2026-05-06 10:43:21,906 - modules.detector - ERROR - Detection error: 'Upsample' object has no attribute 'recompute_scale_factor'
2026-05-06 10:43:21,938 - modules.detector - ERROR - Detection error: 'Upsample' object has no attribute 'recompute_scale_factor'
2026-05-06 10:43:21,960 - modules.detector - ERROR - Detection error: 'Upsample' object has no attribute 'recompute_scale_factor'
2026-05-06 10:43:21,978 - modules.detector - ERROR - Detection error: 'Upsample' object has no attribute 'recompute_scale_factor'
2026-05-06 10:43:22,005 - modules.detector - ERROR - Detection error: 'Upsample' object has no attribute 'recompute_scale_factor'
2026-05-06 10:43:22,029 - modules.detector - ERROR - Detection error: 'Upsample' object has no attribute 'recompute_scale_factor'
2026-05-06 10:43:22,047 - modules.detector - ERROR - Detection error: 'Upsample' object has no attribute 'recompute_scale_factor'
2026-05-06 10:43:22,078 - modules.detector - ERROR - Detection error: 'Upsample' object has no attribute 'recompute_scale_factor'
2026-05-06 10:43:22,096 - modules.detector - ERROR - Detection error: 'Upsample' object has no attribute 'recompute_scale_factor'
2026-05-06 10:43:22,116 - modules.detector - ERROR - Detection error: 'Upsample' object has no attribute 'recompute_scale_factor'
2026-05-06 10:43:22,148 - modules.detector - ERROR - Detection error: 'Upsample' object has no attribute 'recompute_scale_factor'
2026-05-06 10:43:22,167 - modules.detector - ERROR - Detection error: 'Upsample' object has no attribute 'recompute_scale_factor'
2026-05-06 10:43:22,185 - modules.detector - ERROR - Detection error: 'Upsample' object has no attribute 'recompute_scale_factor'
2026-05-06 10:43:22,214 - modules.detector - ERROR - Detection error: 'Upsample' object has no attribute 'recompute_scale_factor'
2026-05-06 10:43:22,233 - modules.detector - ERROR - Detection error: 'Upsample' object has no attribute 'recompute_scale_factor'
2026-05-06 10:43:22,252 - modules.detector - ERROR - Detection error: 'Upsample' object has no attribute 'recompute_scale_factor'
2026-05-06 10:43:22,282 - modules.detector - ERROR - Detection error: 'Upsample' object has no attribute 'recompute_scale_factor'
2026-05-06 10:43:22,300 - modules.detector - ERROR - Detection error: 'Upsample' object has no attribute 'recompute_scale_factor'
2026-05-06 10:43:22,320 - modules.detector - ERROR - Detection error: 'Upsample' object has no attribute 'recompute_scale_factor'
2026-05-06 10:43:22,352 - modules.detector - ERROR - Detection error: 'Upsample' object has no attribute 'recompute_scale_factor'
2026-05-06 10:43:22,370 - modules.detector - ERROR - Detection error: 'Upsample' object has no attribute 'recompute_scale_factor'
2026-05-06 10:43:22,389 - modules.detector - ERROR - Detection error: 'Upsample' object has no attribute 'recompute_scale_factor'
2026-05-06 10:43:22,418 - modules.detector - ERROR - Detection error: 'Upsample' object has no attribute 'recompute_scale_factor'
2026-05-06 10:43:22,445 - modules.detector - ERROR - Detection error: 'Upsample' object has no attribute 'recompute_scale_factor'
2026-05-06 10:43:22,462 - modules.detector - ERROR - Detection error: 'Upsample' object has no attribute 'recompute_scale_factor'
2026-05-06 10:43:22,488 - modules.detector - ERROR - Detection error: 'Upsample' object has no attribute 'recompute_scale_factor'
2026-05-06 10:43:22,510 - modules.detector - ERROR - Detection error: 'Upsample' object has no attribute 'recompute_scale_factor'
2026-05-06 10:43:22,530 - modules.detector - ERROR - Detection error: 'Upsample' object has no attribute 'recompute_scale_factor'
2026-05-06 10:43:22,560 - modules.detector - ERROR - Detection error: 'Upsample' object has no attribute 'recompute_scale_factor'
2026-05-06 10:43:22,579 - modules.detector - ERROR - Detection error: 'Upsample' object has no attribute 'recompute_scale_factor'
2026-05-06 10:43:22,597 - modules.detector - ERROR - Detection error: 'Upsample' object has no attribute 'recompute_scale_factor'
2026-05-06 10:43:22,625 - modules.detector - ERROR - Detection error: 'Upsample' object has no attribute 'recompute_scale_factor'
2026-05-06 10:43:22,647 - modules.detector - ERROR - Detection error: 'Upsample' object has no attribute 'recompute_scale_factor'
2026-05-06 10:43:22,667 - modules.detector - ERROR - Detection error: 'Upsample' object has no attribute 'recompute_scale_factor'
2026-05-06 10:43:22,696 - modules.detector - ERROR - Detection error: 'Upsample' object has no attribute 'recompute_scale_factor'
2026-05-06 10:43:22,719 - modules.detector - ERROR - Detection error: 'Upsample' object has no attribute 'recompute_scale_factor'
2026-05-06 10:43:22,737 - modules.detector - ERROR - Detection error: 'Upsample' object has no attribute 'recompute_scale_factor'
2026-05-06 10:43:22,766 - modules.detector - ERROR - Detection error: 'Upsample' object has no attribute 'recompute_scale_factor'
2026-05-06 10:43:22,790 - modules.detector - ERROR - Detection error: 'Upsample' object has no attribute 'recompute_scale_factor'
2026-05-06 10:43:22,809 - modules.detector - ERROR - Detection error: 'Upsample' object has no attribute 'recompute_scale_factor'
2026-05-06 10:43:22,841 - modules.detector - ERROR - Detection error: 'Upsample' object has no attribute 'recompute_scale_factor'
2026-05-06 10:43:22,861 - modules.detector - ERROR - Detection error: 'Upsample' object has no attribute 'recompute_scale_factor'
2026-05-06 10:43:22,879 - modules.detector - ERROR - Detection error: 'Upsample' object has no attribute 'recompute_scale_factor'
2026-05-06 10:43:22,907 - modules.detector - ERROR - Detection error: 'Upsample' object has no attribute 'recompute_scale_factor'
2026-05-06 10:43:22,929 - modules.detector - ERROR - Detection error: 'Upsample' object has no attribute 'recompute_scale_factor'
2026-05-06 10:43:22,948 - modules.detector - ERROR - Detection error: 'Upsample' object has no attribute 'recompute_scale_factor'
2026-05-06 10:43:22,975 - modules.detector - ERROR - Detection error: 'Upsample' object has no attribute 'recompute_scale_factor'
2026-05-06 10:43:22,998 - modules.detector - ERROR - Detection error: 'Upsample' object has no attribute 'recompute_scale_factor'
2026-05-06 10:43:23,086 - modules.detector - ERROR - Detection error: 'Upsample' object has no attribute 'recompute_scale_factor'
2026-05-06 10:43:23,194 - modules.detector - ERROR - Detection error: 'Upsample' object has no attribute 'recompute_scale_factor'
2026-05-06 10:43:23,276 - modules.detector - ERROR - Detection error: 'Upsample' object has no attribute 'recompute_scale_factor'
2026-05-06 10:43:23,300 - __main__ - INFO - Interrupted by user
2026-05-06 10:43:23,301 - __main__ - INFO - Cleaning up...
2026-05-06 10:43:23,368 - modules.camera_controller - INFO - Camera destroyed
2026-05-06 10:43:23,371 - modules.camera_controller - INFO - Camera destroyed
2026-05-06 10:43:23,373 - modules.camera_controller - INFO - Camera destroyed
2026-05-06 10:43:23,662 - modules.traffic_generator - INFO - Cleaning up traffic actors...
2026-05-06 10:43:23,687 - modules.traffic_generator - INFO - Traffic cleanup completed
2026-05-06 10:43:23,690 - __main__ - INFO - Cleanup completed
